2024-05-21 18:51:25.623 DEBUG Starting test suite: AtataPetProject1.SetUpFixture
2024-05-21 18:51:25.759 TRACE > Initialize AtataContext
2024-05-21 18:51:25.781 TRACE - Use: "Atata.json" config
2024-05-21 18:51:25.781 TRACE - Use: "Atata.local.json" config
2024-05-21 18:51:25.782 TRACE - Set: BaseUrl=https://demo.atata.io
2024-05-21 18:51:25.783 TRACE - Set: ElementFindTimeout=5s; ElementFindRetryInterval=0.5s
2024-05-21 18:51:25.784 TRACE - Set: WaitingTimeout=5s; WaitingRetryInterval=0.5s
2024-05-21 18:51:25.784 TRACE - Set: VerificationTimeout=5s; VerificationRetryInterval=0.5s
2024-05-21 18:51:25.784 TRACE - Set: Culture=en-US
2024-05-21 18:51:25.785 TRACE - Set: Artifacts=C:\Users\bingi.ravinder\Downloads\atata-samples-main\atata-samples-main\NUnit.GenericPageTests\AtataPetProject1\bin\Debug\net8.0\artifacts\20240521T185125\SetUpFixture
2024-05-21 18:51:25.786 TRACE - > Initialize Driver
2024-05-21 18:51:25.791 TRACE - - Created ChromeDriverService { Port=52707, ExecutablePath=C:\Users\bingi.ravinder\Downloads\atata-samples-main\atata-samples-main\NUnit.GenericPageTests\AtataPetProject1\bin\Debug\net8.0\drivers\chrome\124.0.6367.207\chromedriver.exe }
2024-05-21 18:51:26.671 TRACE - - Created ChromeDriver { Alias=chrome, SessionId=82ff3d21d057bd5dd63bb20fa31b0817 }
2024-05-21 18:51:26.677 TRACE - < Initialize Driver (0.887s)
2024-05-21 18:51:26.679 TRACE < Initialize AtataContext (0.919s)
2024-05-21 18:51:26.725  INFO > Go to "Sign In" page by URL https://demo.atata.io/signin
2024-05-21 18:51:27.385  INFO < Go to "Sign In" page by URL https://demo.atata.io/signin (0.660s)
2024-05-21 18:51:27.391  INFO > Set "admin@mail.com" to "Email" text input
2024-05-21 18:51:27.396 TRACE - > Execute behavior SetsValueUsingClearAndTypeBehaviorsAttribute against "Email" text input
2024-05-21 18:51:27.399 TRACE - - > Execute behavior ClearsValueUsingClearMethodAttribute against "Email" text input
2024-05-21 18:51:27.414 TRACE - - - > Find element by XPath "(.//*[@id = //label[normalize-space(.) = 'Email']/@for]/descendant-or-self::input[@type='text' or not(@type)] | .//label[normalize-space(.) = 'Email']/descendant-or-self::input[@type='text' or not(@type)])" in ChromeDriver
2024-05-21 18:51:27.934 TRACE - - - < Find element by XPath "(.//*[@id = //label[normalize-space(.) = 'Email']/@for]/descendant-or-self::input[@type='text' or not(@type)] | .//label[normalize-space(.) = 'Email']/descendant-or-self::input[@type='text' or not(@type)])" in ChromeDriver (0.519s) >> Element { Id=f.C70F76D02463FECA20FF2C8CEEF0D239.d.3A93E0C8DB2EB590B345DCFCA3D8D867.e.6 }
2024-05-21 18:51:27.935 TRACE - - - > Clear element { Id=f.C70F76D02463FECA20FF2C8CEEF0D239.d.3A93E0C8DB2EB590B345DCFCA3D8D867.e.6 }
2024-05-21 18:51:27.963 TRACE - - - < Clear element { Id=f.C70F76D02463FECA20FF2C8CEEF0D239.d.3A93E0C8DB2EB590B345DCFCA3D8D867.e.6 } (0.027s)
2024-05-21 18:51:27.963 TRACE - - < Execute behavior ClearsValueUsingClearMethodAttribute against "Email" text input (0.564s)
2024-05-21 18:51:27.964 TRACE - - > Execute behavior TypesTextUsingSendKeysAttribute against "Email" text input
2024-05-21 18:51:27.965 TRACE - - - > Send keys "admin@mail.com" to element { Id=f.C70F76D02463FECA20FF2C8CEEF0D239.d.3A93E0C8DB2EB590B345DCFCA3D8D867.e.6 }
2024-05-21 18:51:28.024 TRACE - - - < Send keys "admin@mail.com" to element { Id=f.C70F76D02463FECA20FF2C8CEEF0D239.d.3A93E0C8DB2EB590B345DCFCA3D8D867.e.6 } (0.058s)
2024-05-21 18:51:28.025 TRACE - - < Execute behavior TypesTextUsingSendKeysAttribute against "Email" text input (0.060s)
2024-05-21 18:51:28.025 TRACE - < Execute behavior SetsValueUsingClearAndTypeBehaviorsAttribute against "Email" text input (0.628s)
2024-05-21 18:51:28.025  INFO < Set "admin@mail.com" to "Email" text input (0.633s)
2024-05-21 18:51:28.025  INFO > Set "abc123" to "Password" password input
2024-05-21 18:51:28.026 TRACE - > Execute behavior SetsValueUsingClearAndTypeBehaviorsAttribute against "Password" password input
2024-05-21 18:51:28.026 TRACE - - > Execute behavior ClearsValueUsingClearMethodAttribute against "Password" password input
2024-05-21 18:51:28.027 TRACE - - - > Find element by XPath "(.//*[@id = //label[normalize-space(.) = 'Password']/@for]/descendant-or-self::input[@type='password'] | .//label[normalize-space(.) = 'Password']/descendant-or-self::input[@type='password'])" in ChromeDriver
2024-05-21 18:51:28.035 TRACE - - - < Find element by XPath "(.//*[@id = //label[normalize-space(.) = 'Password']/@for]/descendant-or-self::input[@type='password'] | .//label[normalize-space(.) = 'Password']/descendant-or-self::input[@type='password'])" in ChromeDriver (0.008s) >> Element { Id=f.C70F76D02463FECA20FF2C8CEEF0D239.d.3A93E0C8DB2EB590B345DCFCA3D8D867.e.3 }
2024-05-21 18:51:28.035 TRACE - - - > Clear element { Id=f.C70F76D02463FECA20FF2C8CEEF0D239.d.3A93E0C8DB2EB590B345DCFCA3D8D867.e.3 }
2024-05-21 18:51:28.053 TRACE - - - < Clear element { Id=f.C70F76D02463FECA20FF2C8CEEF0D239.d.3A93E0C8DB2EB590B345DCFCA3D8D867.e.3 } (0.017s)
2024-05-21 18:51:28.053 TRACE - - < Execute behavior ClearsValueUsingClearMethodAttribute against "Password" password input (0.027s)
2024-05-21 18:51:28.053 TRACE - - > Execute behavior TypesTextUsingSendKeysAttribute against "Password" password input
2024-05-21 18:51:28.054 TRACE - - - > Send keys "abc123" to element { Id=f.C70F76D02463FECA20FF2C8CEEF0D239.d.3A93E0C8DB2EB590B345DCFCA3D8D867.e.3 }
2024-05-21 18:51:28.106 TRACE - - - < Send keys "abc123" to element { Id=f.C70F76D02463FECA20FF2C8CEEF0D239.d.3A93E0C8DB2EB590B345DCFCA3D8D867.e.3 } (0.051s)
2024-05-21 18:51:28.106 TRACE - - < Execute behavior TypesTextUsingSendKeysAttribute against "Password" password input (0.052s)
2024-05-21 18:51:28.107 TRACE - < Execute behavior SetsValueUsingClearAndTypeBehaviorsAttribute against "Password" password input (0.080s)
2024-05-21 18:51:28.107  INFO < Set "abc123" to "Password" password input (0.081s)
2024-05-21 18:51:28.107  INFO > Click "Sign In" button
2024-05-21 18:51:28.109 TRACE - > Execute behavior ClicksUsingClickMethodAttribute against "Sign In" button
2024-05-21 18:51:28.113 TRACE - - > Find element by XPath ".//*[self::input[@type='button' or @type='submit' or @type='reset'] or self::button][normalize-space(.) = 'Sign In' or normalize-space(@value) = 'Sign In']" in ChromeDriver
2024-05-21 18:51:28.122 TRACE - - < Find element by XPath ".//*[self::input[@type='button' or @type='submit' or @type='reset'] or self::button][normalize-space(.) = 'Sign In' or normalize-space(@value) = 'Sign In']" in ChromeDriver (0.009s) >> Element { Id=f.C70F76D02463FECA20FF2C8CEEF0D239.d.3A93E0C8DB2EB590B345DCFCA3D8D867.e.10 }
2024-05-21 18:51:28.123 TRACE - - > Click element { Id=f.C70F76D02463FECA20FF2C8CEEF0D239.d.3A93E0C8DB2EB590B345DCFCA3D8D867.e.10 }
2024-05-21 18:51:28.168 TRACE - - < Click element { Id=f.C70F76D02463FECA20FF2C8CEEF0D239.d.3A93E0C8DB2EB590B345DCFCA3D8D867.e.10 } (0.045s)
2024-05-21 18:51:28.168 TRACE - < Execute behavior ClicksUsingClickMethodAttribute against "Sign In" button (0.059s)
2024-05-21 18:51:28.168  INFO < Click "Sign In" button (0.060s)
2024-05-21 18:51:28.175  INFO > Go to "Products" page
2024-05-21 18:51:28.191  INFO < Go to "Products" page (0.015s)
2024-05-21 18:51:28.198 TRACE > Execute trigger WaitForLoadingIndicatorAttribute { WaitBy=Class, Selector="loading-indicator", ScopeSource=Parent, Until=VisibleThenMissingOrHidden, ThrowOnPresenceFailure=false, ThrowOnAbsenceFailure=true, PresenceTimeout=2, AbsenceTimeout=10, RetryInterval=0.5 } on Init against "Products" page
2024-05-21 18:51:28.200  INFO - > Wait until element by "loading-indicator" class is visible within 2s without throw on failure with 0.5s retry interval
2024-05-21 18:51:30.228  INFO - < Wait until element by "loading-indicator" class is visible within 2s without throw on failure with 0.5s retry interval (2.027s)
2024-05-21 18:51:30.229  INFO - > Wait until element by "loading-indicator" class is missing or hidden within 10s with throw on failure with 0.5s retry interval
2024-05-21 18:51:30.236  INFO - < Wait until element by "loading-indicator" class is missing or hidden within 10s with throw on failure with 0.5s retry interval (0.007s)
2024-05-21 18:51:30.237 TRACE < Execute trigger WaitForLoadingIndicatorAttribute { WaitBy=Class, Selector="loading-indicator", ScopeSource=Parent, Until=VisibleThenMissingOrHidden, ThrowOnPresenceFailure=false, ThrowOnAbsenceFailure=true, PresenceTimeout=2, AbsenceTimeout=10, RetryInterval=0.5 } on Init against "Products" page (2.038s)
2024-05-21 18:51:30.238 TRACE > Execute trigger VerifyTitleAttribute { Values=["Atata Sample App"], Case=Title, Match=Equals, Timeout=5, RetryInterval=0.5 } on Init against "Products" page
2024-05-21 18:51:30.246  INFO - > Assert: title should equal "Atata Sample App"
2024-05-21 18:51:35.276 ERROR - - Wrong title
Expected: "Atata Sample App"
  Actual: "Users - Atata Sample App"
   at Atata.AssertionVerificationStrategy.ReportFailure(String message, Exception exception)
   at Atata.IObjectVerificationProviderExtensions.<>c__DisplayClass5_0`2.<Satisfy>g__ExecuteVerification|0()
   at Atata.LogManager.ExecuteSection(LogSection section, Action action)
   at Atata.VerificationUtils.Verify[TData,TOwner](IObjectVerificationProvider`2 verifier, Action verificationAction, String expectedMessage, TData[] arguments)
   at Atata.IObjectVerificationProviderExtensions.Satisfy[TObject,TOwner](IObjectVerificationProvider`2 verifier, Func`2 predicate, String message, TObject[] args)
   at Atata.IObjectVerificationProviderExtensions.MatchAny[TOwner](IObjectVerificationProvider`2 verifier, TermMatch match, String[] expected)
   at Atata.VerifyTitleAttribute.OnExecute[TOwner](TriggerContext`1 context, String[] values)
   at Atata.TermVerificationTriggerAttribute.Execute[TOwner](TriggerContext`1 context)
   at Atata.UIComponent`1.<>c__DisplayClass74_3.<ExecuteTriggers>b__3()
   at Atata.LogManager.ExecuteSection(LogSection section, Action action)
   at Atata.UIComponent`1.ExecuteTriggers(TriggerEvents on)
   at Atata.PageObject`1.CompleteInit()
   at Atata.AtataNavigator.GoToFollowingPageObject[T](UIComponent currentPageObject, T nextPageObject, GoOptions options)
   at Atata.AtataNavigator.To[T](T pageObject, GoOptions options)
   at Atata.AtataNavigator.To[T](T pageObject, String url, Boolean navigate, Boolean temporarily)
   at Atata.Go.To[T](T pageObject, String url, Boolean navigate, Boolean temporarily)
   at Atata.Control`1.OnGo[TNavigateTo](TNavigateTo navigateToPageObject, Nullable`1 temporarily)
   at Atata.Control`1.ClickAndGo[TNavigateTo](TNavigateTo navigateToPageObject, Nullable`1 temporarily)
   at AtataPetProject1.SetUpFixture.Login() in C:\Users\bingi.ravinder\Downloads\atata-samples-main\atata-samples-main\NUnit.GenericPageTests\AtataPetProject1\SetUpFixture.cs:line 28
   at AtataPetProject1.SetUpFixture.GlobalSetUp() in C:\Users\bingi.ravinder\Downloads\atata-samples-main\atata-samples-main\NUnit.GenericPageTests\AtataPetProject1\SetUpFixture.cs:line 23
2024-05-21 18:51:35.279  INFO - < Assert: title should equal "Atata Sample App" (5.032s) >> NUnit.Framework.AssertionException: Wrong title...
2024-05-21 18:51:35.279 TRACE < Execute trigger VerifyTitleAttribute { Values=["Atata Sample App"], Case=Title, Match=Equals, Timeout=5, RetryInterval=0.5 } on Init against "Products" page (5.040s) >> NUnit.Framework.AssertionException: Wrong title...
