2024-05-21 14:31:54.138 DEBUG Starting test suite: AtataPetProject1.SetUpFixture
2024-05-21 14:31:54.249 TRACE > Initialize AtataContext
2024-05-21 14:31:54.270 TRACE - Use: "Atata.json" config
2024-05-21 14:31:54.271 TRACE - Use: "Atata.local.json" config
2024-05-21 14:31:54.271 TRACE - Set: BaseUrl=https://demo.atata.io
2024-05-21 14:31:54.273 TRACE - Set: ElementFindTimeout=5s; ElementFindRetryInterval=0.5s
2024-05-21 14:31:54.273 TRACE - Set: WaitingTimeout=5s; WaitingRetryInterval=0.5s
2024-05-21 14:31:54.273 TRACE - Set: VerificationTimeout=5s; VerificationRetryInterval=0.5s
2024-05-21 14:31:54.274 TRACE - Set: Culture=en-US
2024-05-21 14:31:54.274 TRACE - Set: Artifacts=C:\Users\bingi.ravinder\Downloads\atata-samples-main\atata-samples-main\NUnit.GenericPageTests\AtataPetProject1\bin\Debug\net8.0\artifacts\20240521T143154\SetUpFixture
2024-05-21 14:31:54.275 TRACE - > Initialize Driver
2024-05-21 14:31:54.281 TRACE - - Created ChromeDriverService { Port=49266, ExecutablePath=C:\Users\bingi.ravinder\Downloads\atata-samples-main\atata-samples-main\NUnit.GenericPageTests\AtataPetProject1\bin\Debug\net8.0\drivers\chrome\124.0.6367.207\chromedriver.exe }
2024-05-21 14:31:55.181 TRACE - - Created ChromeDriver { Alias=chrome, SessionId=c838ca2e5494557b5b8370e22f71fa67 }
2024-05-21 14:31:55.188 TRACE - < Initialize Driver (0.907s)
2024-05-21 14:31:55.190 TRACE < Initialize AtataContext (0.941s)
2024-05-21 14:31:55.228  INFO > Go to "Sign In" page by URL https://demo.atata.io/signin
2024-05-21 14:31:55.395  INFO < Go to "Sign In" page by URL https://demo.atata.io/signin (0.167s)
2024-05-21 14:31:55.413  INFO > Set "admin@mail.com" to "Email" text input
2024-05-21 14:31:55.418 TRACE - > Execute behavior SetsValueUsingClearAndTypeBehaviorsAttribute against "Email" text input
2024-05-21 14:31:55.420 TRACE - - > Execute behavior ClearsValueUsingClearMethodAttribute against "Email" text input
2024-05-21 14:31:55.437 TRACE - - - > Find element by XPath "(.//*[@id = //label[normalize-space(.) = 'Email']/@for]/descendant-or-self::input[@type='text' or not(@type)] | .//label[normalize-space(.) = 'Email']/descendant-or-self::input[@type='text' or not(@type)])" in ChromeDriver
2024-05-21 14:31:55.498 TRACE - - - < Find element by XPath "(.//*[@id = //label[normalize-space(.) = 'Email']/@for]/descendant-or-self::input[@type='text' or not(@type)] | .//label[normalize-space(.) = 'Email']/descendant-or-self::input[@type='text' or not(@type)])" in ChromeDriver (0.060s) >> Element { Id=f.1F7C1C7591CF201B77AB0D05CCACD77F.d.B6A26BFE87001F6AEFC7926DF06575DB.e.4 }
2024-05-21 14:31:55.502 TRACE - - - > Clear element { Id=f.1F7C1C7591CF201B77AB0D05CCACD77F.d.B6A26BFE87001F6AEFC7926DF06575DB.e.4 }
2024-05-21 14:31:55.530 TRACE - - - < Clear element { Id=f.1F7C1C7591CF201B77AB0D05CCACD77F.d.B6A26BFE87001F6AEFC7926DF06575DB.e.4 } (0.027s)
2024-05-21 14:31:55.531 TRACE - - < Execute behavior ClearsValueUsingClearMethodAttribute against "Email" text input (0.110s)
2024-05-21 14:31:55.533 TRACE - - > Execute behavior TypesTextUsingSendKeysAttribute against "Email" text input
2024-05-21 14:31:55.538 TRACE - - - > Send keys "admin@mail.com" to element { Id=f.1F7C1C7591CF201B77AB0D05CCACD77F.d.B6A26BFE87001F6AEFC7926DF06575DB.e.4 }
2024-05-21 14:31:55.622 TRACE - - - < Send keys "admin@mail.com" to element { Id=f.1F7C1C7591CF201B77AB0D05CCACD77F.d.B6A26BFE87001F6AEFC7926DF06575DB.e.4 } (0.084s)
2024-05-21 14:31:55.623 TRACE - - < Execute behavior TypesTextUsingSendKeysAttribute against "Email" text input (0.089s)
2024-05-21 14:31:55.623 TRACE - < Execute behavior SetsValueUsingClearAndTypeBehaviorsAttribute against "Email" text input (0.205s)
2024-05-21 14:31:55.623  INFO < Set "admin@mail.com" to "Email" text input (0.209s)
2024-05-21 14:31:55.623  INFO > Set "abc123" to "Password" password input
2024-05-21 14:31:55.624 TRACE - > Execute behavior SetsValueUsingClearAndTypeBehaviorsAttribute against "Password" password input
2024-05-21 14:31:55.624 TRACE - - > Execute behavior ClearsValueUsingClearMethodAttribute against "Password" password input
2024-05-21 14:31:55.625 TRACE - - - > Find element by XPath "(.//*[@id = //label[normalize-space(.) = 'Password']/@for]/descendant-or-self::input[@type='password'] | .//label[normalize-space(.) = 'Password']/descendant-or-self::input[@type='password'])" in ChromeDriver
2024-05-21 14:31:55.637 TRACE - - - < Find element by XPath "(.//*[@id = //label[normalize-space(.) = 'Password']/@for]/descendant-or-self::input[@type='password'] | .//label[normalize-space(.) = 'Password']/descendant-or-self::input[@type='password'])" in ChromeDriver (0.011s) >> Element { Id=f.1F7C1C7591CF201B77AB0D05CCACD77F.d.B6A26BFE87001F6AEFC7926DF06575DB.e.3 }
2024-05-21 14:31:55.637 TRACE - - - > Clear element { Id=f.1F7C1C7591CF201B77AB0D05CCACD77F.d.B6A26BFE87001F6AEFC7926DF06575DB.e.3 }
2024-05-21 14:31:55.657 TRACE - - - < Clear element { Id=f.1F7C1C7591CF201B77AB0D05CCACD77F.d.B6A26BFE87001F6AEFC7926DF06575DB.e.3 } (0.019s)
2024-05-21 14:31:55.657 TRACE - - < Execute behavior ClearsValueUsingClearMethodAttribute against "Password" password input (0.033s)
2024-05-21 14:31:55.658 TRACE - - > Execute behavior TypesTextUsingSendKeysAttribute against "Password" password input
2024-05-21 14:31:55.658 TRACE - - - > Send keys "abc123" to element { Id=f.1F7C1C7591CF201B77AB0D05CCACD77F.d.B6A26BFE87001F6AEFC7926DF06575DB.e.3 }
2024-05-21 14:31:55.712 TRACE - - - < Send keys "abc123" to element { Id=f.1F7C1C7591CF201B77AB0D05CCACD77F.d.B6A26BFE87001F6AEFC7926DF06575DB.e.3 } (0.053s)
2024-05-21 14:31:55.713 TRACE - - < Execute behavior TypesTextUsingSendKeysAttribute against "Password" password input (0.054s)
2024-05-21 14:31:55.713 TRACE - < Execute behavior SetsValueUsingClearAndTypeBehaviorsAttribute against "Password" password input (0.089s)
2024-05-21 14:31:55.713  INFO < Set "abc123" to "Password" password input (0.090s)
2024-05-21 14:31:55.714  INFO > Click "Sign In" button
2024-05-21 14:31:55.718 TRACE - > Execute behavior ClicksUsingClickMethodAttribute against "Sign In" button
2024-05-21 14:31:55.722 TRACE - - > Find element by XPath ".//*[self::input[@type='button' or @type='submit' or @type='reset'] or self::button][normalize-space(.) = 'Sign In' or normalize-space(@value) = 'Sign In']" in ChromeDriver
2024-05-21 14:31:55.737 TRACE - - < Find element by XPath ".//*[self::input[@type='button' or @type='submit' or @type='reset'] or self::button][normalize-space(.) = 'Sign In' or normalize-space(@value) = 'Sign In']" in ChromeDriver (0.014s) >> Element { Id=f.1F7C1C7591CF201B77AB0D05CCACD77F.d.B6A26BFE87001F6AEFC7926DF06575DB.e.10 }
2024-05-21 14:31:55.738 TRACE - - > Click element { Id=f.1F7C1C7591CF201B77AB0D05CCACD77F.d.B6A26BFE87001F6AEFC7926DF06575DB.e.10 }
2024-05-21 14:31:55.790 TRACE - - < Click element { Id=f.1F7C1C7591CF201B77AB0D05CCACD77F.d.B6A26BFE87001F6AEFC7926DF06575DB.e.10 } (0.051s)
2024-05-21 14:31:55.790 TRACE - < Execute behavior ClicksUsingClickMethodAttribute against "Sign In" button (0.072s)
2024-05-21 14:31:55.791  INFO < Click "Sign In" button (0.076s)
2024-05-21 14:31:55.798  INFO > Go to "Users" page
2024-05-21 14:31:55.813  INFO < Go to "Users" page (0.015s)
