2024-05-22 10:41:14.528 DEBUG Starting test suite: AtataPetProject1.SetUpFixture
2024-05-22 10:41:14.629 TRACE > Initialize AtataContext
2024-05-22 10:41:14.647 TRACE - Use: "Atata.json" config
2024-05-22 10:41:14.648 TRACE - Use: "Atata.local.json" config
2024-05-22 10:41:14.648 TRACE - Set: BaseUrl=https://demo.atata.io
2024-05-22 10:41:14.650 TRACE - Set: ElementFindTimeout=5s; ElementFindRetryInterval=0.5s
2024-05-22 10:41:14.650 TRACE - Set: WaitingTimeout=5s; WaitingRetryInterval=0.5s
2024-05-22 10:41:14.650 TRACE - Set: VerificationTimeout=5s; VerificationRetryInterval=0.5s
2024-05-22 10:41:14.651 TRACE - Set: Culture=en-US
2024-05-22 10:41:14.651 TRACE - Set: Artifacts=C:\atatapet\NUnit.GenericPageTests\AtataPetProject1\bin\Debug\net8.0\artifacts\20240522T104114\SetUpFixture
2024-05-22 10:41:14.652 TRACE - > Initialize Driver
2024-05-22 10:41:14.657 TRACE - - Created ChromeDriverService { Port=51448, ExecutablePath=C:\atatapet\NUnit.GenericPageTests\AtataPetProject1\bin\Debug\net8.0\drivers\chrome\124.0.6367.207\chromedriver.exe }
2024-05-22 10:41:15.490 TRACE - - Created ChromeDriver { Alias=chrome, SessionId=cfd0ed7f363eeb27af024b59f64d4030 }
2024-05-22 10:41:15.493 TRACE - < Initialize Driver (0.839s)
2024-05-22 10:41:15.494 TRACE < Initialize AtataContext (0.865s)
2024-05-22 10:41:15.520  INFO > Go to "Sign In" page by URL https://demo.atata.io/signin
2024-05-22 10:41:15.704  INFO < Go to "Sign In" page by URL https://demo.atata.io/signin (0.184s)
2024-05-22 10:41:15.712  INFO > Set "admin@mail.com" to "Email" text input
2024-05-22 10:41:15.714 TRACE - > Execute behavior SetsValueUsingClearAndTypeBehaviorsAttribute against "Email" text input
2024-05-22 10:41:15.716 TRACE - - > Execute behavior ClearsValueUsingClearMethodAttribute against "Email" text input
2024-05-22 10:41:15.738 TRACE - - - > Find element by XPath "(.//*[@id = //label[normalize-space(.) = 'Email']/@for]/descendant-or-self::input[@type='text' or not(@type)] | .//label[normalize-space(.) = 'Email']/descendant-or-self::input[@type='text' or not(@type)])" in ChromeDriver
2024-05-22 10:41:16.259 TRACE - - - < Find element by XPath "(.//*[@id = //label[normalize-space(.) = 'Email']/@for]/descendant-or-self::input[@type='text' or not(@type)] | .//label[normalize-space(.) = 'Email']/descendant-or-self::input[@type='text' or not(@type)])" in ChromeDriver (0.519s) >> Element { Id=f.3ECE3201704DFBE352AACD9624E0D9F0.d.796206DB98B75D3537B6E62668FDA065.e.7 }
2024-05-22 10:41:16.261 TRACE - - - > Clear element { Id=f.3ECE3201704DFBE352AACD9624E0D9F0.d.796206DB98B75D3537B6E62668FDA065.e.7 }
2024-05-22 10:41:16.292 TRACE - - - < Clear element { Id=f.3ECE3201704DFBE352AACD9624E0D9F0.d.796206DB98B75D3537B6E62668FDA065.e.7 } (0.031s)
2024-05-22 10:41:16.293 TRACE - - < Execute behavior ClearsValueUsingClearMethodAttribute against "Email" text input (0.576s)
2024-05-22 10:41:16.294 TRACE - - > Execute behavior TypesTextUsingSendKeysAttribute against "Email" text input
2024-05-22 10:41:16.295 TRACE - - - > Send keys "admin@mail.com" to element { Id=f.3ECE3201704DFBE352AACD9624E0D9F0.d.796206DB98B75D3537B6E62668FDA065.e.7 }
2024-05-22 10:41:16.357 TRACE - - - < Send keys "admin@mail.com" to element { Id=f.3ECE3201704DFBE352AACD9624E0D9F0.d.796206DB98B75D3537B6E62668FDA065.e.7 } (0.061s)
2024-05-22 10:41:16.357 TRACE - - < Execute behavior TypesTextUsingSendKeysAttribute against "Email" text input (0.063s)
2024-05-22 10:41:16.358 TRACE - < Execute behavior SetsValueUsingClearAndTypeBehaviorsAttribute against "Email" text input (0.643s)
2024-05-22 10:41:16.358  INFO < Set "admin@mail.com" to "Email" text input (0.646s)
2024-05-22 10:41:16.359  INFO > Set "abc123" to "Password" password input
2024-05-22 10:41:16.359 TRACE - > Execute behavior SetsValueUsingClearAndTypeBehaviorsAttribute against "Password" password input
2024-05-22 10:41:16.360 TRACE - - > Execute behavior ClearsValueUsingClearMethodAttribute against "Password" password input
2024-05-22 10:41:16.361 TRACE - - - > Find element by XPath "(.//*[@id = //label[normalize-space(.) = 'Password']/@for]/descendant-or-self::input[@type='password'] | .//label[normalize-space(.) = 'Password']/descendant-or-self::input[@type='password'])" in ChromeDriver
2024-05-22 10:41:16.370 TRACE - - - < Find element by XPath "(.//*[@id = //label[normalize-space(.) = 'Password']/@for]/descendant-or-self::input[@type='password'] | .//label[normalize-space(.) = 'Password']/descendant-or-self::input[@type='password'])" in ChromeDriver (0.009s) >> Element { Id=f.3ECE3201704DFBE352AACD9624E0D9F0.d.796206DB98B75D3537B6E62668FDA065.e.4 }
2024-05-22 10:41:16.371 TRACE - - - > Clear element { Id=f.3ECE3201704DFBE352AACD9624E0D9F0.d.796206DB98B75D3537B6E62668FDA065.e.4 }
2024-05-22 10:41:16.394 TRACE - - - < Clear element { Id=f.3ECE3201704DFBE352AACD9624E0D9F0.d.796206DB98B75D3537B6E62668FDA065.e.4 } (0.022s)
2024-05-22 10:41:16.394 TRACE - - < Execute behavior ClearsValueUsingClearMethodAttribute against "Password" password input (0.034s)
2024-05-22 10:41:16.394 TRACE - - > Execute behavior TypesTextUsingSendKeysAttribute against "Password" password input
2024-05-22 10:41:16.395 TRACE - - - > Send keys "abc123" to element { Id=f.3ECE3201704DFBE352AACD9624E0D9F0.d.796206DB98B75D3537B6E62668FDA065.e.4 }
2024-05-22 10:41:16.445 TRACE - - - < Send keys "abc123" to element { Id=f.3ECE3201704DFBE352AACD9624E0D9F0.d.796206DB98B75D3537B6E62668FDA065.e.4 } (0.050s)
2024-05-22 10:41:16.446 TRACE - - < Execute behavior TypesTextUsingSendKeysAttribute against "Password" password input (0.051s)
2024-05-22 10:41:16.446 TRACE - < Execute behavior SetsValueUsingClearAndTypeBehaviorsAttribute against "Password" password input (0.086s)
2024-05-22 10:41:16.446  INFO < Set "abc123" to "Password" password input (0.087s)
2024-05-22 10:41:16.447  INFO > Click "Sign In" button
2024-05-22 10:41:16.448 TRACE - > Execute behavior ClicksUsingClickMethodAttribute against "Sign In" button
2024-05-22 10:41:16.450 TRACE - - > Find element by XPath ".//*[self::input[@type='button' or @type='submit' or @type='reset'] or self::button][normalize-space(.) = 'Sign In' or normalize-space(@value) = 'Sign In']" in ChromeDriver
2024-05-22 10:41:16.460 TRACE - - < Find element by XPath ".//*[self::input[@type='button' or @type='submit' or @type='reset'] or self::button][normalize-space(.) = 'Sign In' or normalize-space(@value) = 'Sign In']" in ChromeDriver (0.010s) >> Element { Id=f.3ECE3201704DFBE352AACD9624E0D9F0.d.796206DB98B75D3537B6E62668FDA065.e.11 }
2024-05-22 10:41:16.460 TRACE - - > Click element { Id=f.3ECE3201704DFBE352AACD9624E0D9F0.d.796206DB98B75D3537B6E62668FDA065.e.11 }
2024-05-22 10:41:16.503 TRACE - - < Click element { Id=f.3ECE3201704DFBE352AACD9624E0D9F0.d.796206DB98B75D3537B6E62668FDA065.e.11 } (0.042s)
2024-05-22 10:41:16.504 TRACE - < Execute behavior ClicksUsingClickMethodAttribute against "Sign In" button (0.056s)
2024-05-22 10:41:16.504  INFO < Click "Sign In" button (0.057s)
2024-05-22 10:41:16.509  INFO > Go to "Sign In" page
2024-05-22 10:41:16.521  INFO < Go to "Sign In" page (0.011s)
