2024-05-21 18:42:47.387 DEBUG Starting test suite: AtataPetProject1.SetUpFixture
2024-05-21 18:42:47.543 TRACE > Initialize AtataContext
2024-05-21 18:42:47.577 TRACE - Use: "Atata.json" config
2024-05-21 18:42:47.578 TRACE - Use: "Atata.local.json" config
2024-05-21 18:42:47.578 TRACE - Set: BaseUrl=https://demo.atata.io
2024-05-21 18:42:47.580 TRACE - Set: ElementFindTimeout=5s; ElementFindRetryInterval=0.5s
2024-05-21 18:42:47.580 TRACE - Set: WaitingTimeout=5s; WaitingRetryInterval=0.5s
2024-05-21 18:42:47.581 TRACE - Set: VerificationTimeout=5s; VerificationRetryInterval=0.5s
2024-05-21 18:42:47.581 TRACE - Set: Culture=en-US
2024-05-21 18:42:47.581 TRACE - Set: Artifacts=C:\Users\bingi.ravinder\Downloads\atata-samples-main\atata-samples-main\NUnit.GenericPageTests\AtataPetProject1\bin\Debug\net8.0\artifacts\20240521T184247\SetUpFixture
2024-05-21 18:42:47.582 TRACE - > Initialize Driver
2024-05-21 18:42:47.589 TRACE - - Created ChromeDriverService { Port=50933, ExecutablePath=C:\Users\bingi.ravinder\Downloads\atata-samples-main\atata-samples-main\NUnit.GenericPageTests\AtataPetProject1\bin\Debug\net8.0\drivers\chrome\124.0.6367.207\chromedriver.exe }
2024-05-21 18:42:49.005 TRACE - - Created ChromeDriver { Alias=chrome, SessionId=8112b0421bf25adc3559e24227726998 }
2024-05-21 18:42:49.011 TRACE - < Initialize Driver (1.425s)
2024-05-21 18:42:49.012 TRACE < Initialize AtataContext (1.469s)
2024-05-21 18:42:49.052  INFO > Go to "Sign In" page by URL https://demo.atata.io/signin
2024-05-21 18:42:49.253  INFO < Go to "Sign In" page by URL https://demo.atata.io/signin (0.201s)
2024-05-21 18:42:49.261  INFO > Set "admin@mail.com" to "Email" text input
2024-05-21 18:42:49.263 TRACE - > Execute behavior SetsValueUsingClearAndTypeBehaviorsAttribute against "Email" text input
2024-05-21 18:42:49.264 TRACE - - > Execute behavior ClearsValueUsingClearMethodAttribute against "Email" text input
2024-05-21 18:42:49.280 TRACE - - - > Find element by XPath "(.//*[@id = //label[normalize-space(.) = 'Email']/@for]/descendant-or-self::input[@type='text' or not(@type)] | .//label[normalize-space(.) = 'Email']/descendant-or-self::input[@type='text' or not(@type)])" in ChromeDriver
2024-05-21 18:42:50.295 TRACE - - - < Find element by XPath "(.//*[@id = //label[normalize-space(.) = 'Email']/@for]/descendant-or-self::input[@type='text' or not(@type)] | .//label[normalize-space(.) = 'Email']/descendant-or-self::input[@type='text' or not(@type)])" in ChromeDriver (1.014s) >> Element { Id=f.2C0F2A3F5A98B8DFCAD2704D7A8B51BB.d.C1637B6A6B8535C91A03BFE2633B8A8E.e.7 }
2024-05-21 18:42:50.297 TRACE - - - > Clear element { Id=f.2C0F2A3F5A98B8DFCAD2704D7A8B51BB.d.C1637B6A6B8535C91A03BFE2633B8A8E.e.7 }
2024-05-21 18:42:50.328 TRACE - - - < Clear element { Id=f.2C0F2A3F5A98B8DFCAD2704D7A8B51BB.d.C1637B6A6B8535C91A03BFE2633B8A8E.e.7 } (0.030s)
2024-05-21 18:42:50.329 TRACE - - < Execute behavior ClearsValueUsingClearMethodAttribute against "Email" text input (1.064s)
2024-05-21 18:42:50.329 TRACE - - > Execute behavior TypesTextUsingSendKeysAttribute against "Email" text input
2024-05-21 18:42:50.331 TRACE - - - > Send keys "admin@mail.com" to element { Id=f.2C0F2A3F5A98B8DFCAD2704D7A8B51BB.d.C1637B6A6B8535C91A03BFE2633B8A8E.e.7 }
2024-05-21 18:42:50.401 TRACE - - - < Send keys "admin@mail.com" to element { Id=f.2C0F2A3F5A98B8DFCAD2704D7A8B51BB.d.C1637B6A6B8535C91A03BFE2633B8A8E.e.7 } (0.070s)
2024-05-21 18:42:50.401 TRACE - - < Execute behavior TypesTextUsingSendKeysAttribute against "Email" text input (0.071s)
2024-05-21 18:42:50.402 TRACE - < Execute behavior SetsValueUsingClearAndTypeBehaviorsAttribute against "Email" text input (1.138s)
2024-05-21 18:42:50.402  INFO < Set "admin@mail.com" to "Email" text input (1.140s)
2024-05-21 18:42:50.402  INFO > Set "abc123" to "Password" password input
2024-05-21 18:42:50.403 TRACE - > Execute behavior SetsValueUsingClearAndTypeBehaviorsAttribute against "Password" password input
2024-05-21 18:42:50.405 TRACE - - > Execute behavior ClearsValueUsingClearMethodAttribute against "Password" password input
2024-05-21 18:42:50.406 TRACE - - - > Find element by XPath "(.//*[@id = //label[normalize-space(.) = 'Password']/@for]/descendant-or-self::input[@type='password'] | .//label[normalize-space(.) = 'Password']/descendant-or-self::input[@type='password'])" in ChromeDriver
2024-05-21 18:42:50.415 TRACE - - - < Find element by XPath "(.//*[@id = //label[normalize-space(.) = 'Password']/@for]/descendant-or-self::input[@type='password'] | .//label[normalize-space(.) = 'Password']/descendant-or-self::input[@type='password'])" in ChromeDriver (0.008s) >> Element { Id=f.2C0F2A3F5A98B8DFCAD2704D7A8B51BB.d.C1637B6A6B8535C91A03BFE2633B8A8E.e.4 }
2024-05-21 18:42:50.415 TRACE - - - > Clear element { Id=f.2C0F2A3F5A98B8DFCAD2704D7A8B51BB.d.C1637B6A6B8535C91A03BFE2633B8A8E.e.4 }
2024-05-21 18:42:50.435 TRACE - - - < Clear element { Id=f.2C0F2A3F5A98B8DFCAD2704D7A8B51BB.d.C1637B6A6B8535C91A03BFE2633B8A8E.e.4 } (0.019s)
2024-05-21 18:42:50.435 TRACE - - < Execute behavior ClearsValueUsingClearMethodAttribute against "Password" password input (0.030s)
2024-05-21 18:42:50.436 TRACE - - > Execute behavior TypesTextUsingSendKeysAttribute against "Password" password input
2024-05-21 18:42:50.437 TRACE - - - > Send keys "abc123" to element { Id=f.2C0F2A3F5A98B8DFCAD2704D7A8B51BB.d.C1637B6A6B8535C91A03BFE2633B8A8E.e.4 }
2024-05-21 18:42:50.492 TRACE - - - < Send keys "abc123" to element { Id=f.2C0F2A3F5A98B8DFCAD2704D7A8B51BB.d.C1637B6A6B8535C91A03BFE2633B8A8E.e.4 } (0.054s)
2024-05-21 18:42:50.492 TRACE - - < Execute behavior TypesTextUsingSendKeysAttribute against "Password" password input (0.056s)
2024-05-21 18:42:50.492 TRACE - < Execute behavior SetsValueUsingClearAndTypeBehaviorsAttribute against "Password" password input (0.089s)
2024-05-21 18:42:50.493  INFO < Set "abc123" to "Password" password input (0.090s)
2024-05-21 18:42:50.493  INFO > Click "Sign In" button
2024-05-21 18:42:50.494 TRACE - > Execute behavior ClicksUsingClickMethodAttribute against "Sign In" button
2024-05-21 18:42:50.495 TRACE - - > Find element by XPath ".//*[self::input[@type='button' or @type='submit' or @type='reset'] or self::button][normalize-space(.) = 'Sign In' or normalize-space(@value) = 'Sign In']" in ChromeDriver
2024-05-21 18:42:50.506 TRACE - - < Find element by XPath ".//*[self::input[@type='button' or @type='submit' or @type='reset'] or self::button][normalize-space(.) = 'Sign In' or normalize-space(@value) = 'Sign In']" in ChromeDriver (0.010s) >> Element { Id=f.2C0F2A3F5A98B8DFCAD2704D7A8B51BB.d.C1637B6A6B8535C91A03BFE2633B8A8E.e.11 }
2024-05-21 18:42:50.507 TRACE - - > Click element { Id=f.2C0F2A3F5A98B8DFCAD2704D7A8B51BB.d.C1637B6A6B8535C91A03BFE2633B8A8E.e.11 }
2024-05-21 18:42:50.551 TRACE - - < Click element { Id=f.2C0F2A3F5A98B8DFCAD2704D7A8B51BB.d.C1637B6A6B8535C91A03BFE2633B8A8E.e.11 } (0.044s)
2024-05-21 18:42:50.552 TRACE - < Execute behavior ClicksUsingClickMethodAttribute against "Sign In" button (0.057s)
2024-05-21 18:42:50.552  INFO < Click "Sign In" button (0.058s)
2024-05-21 18:42:50.567  INFO > Go to "Users" page
2024-05-21 18:42:50.574  INFO < Go to "Users" page (0.007s)
