2024-05-21 18:56:10.277 DEBUG Starting test suite: AtataPetProject1.SetUpFixture
2024-05-21 18:56:10.400 TRACE > Initialize AtataContext
2024-05-21 18:56:10.426 TRACE - Use: "Atata.json" config
2024-05-21 18:56:10.427 TRACE - Use: "Atata.local.json" config
2024-05-21 18:56:10.427 TRACE - Set: BaseUrl=https://demo.atata.io
2024-05-21 18:56:10.430 TRACE - Set: ElementFindTimeout=5s; ElementFindRetryInterval=0.5s
2024-05-21 18:56:10.431 TRACE - Set: WaitingTimeout=5s; WaitingRetryInterval=0.5s
2024-05-21 18:56:10.431 TRACE - Set: VerificationTimeout=5s; VerificationRetryInterval=0.5s
2024-05-21 18:56:10.431 TRACE - Set: Culture=en-US
2024-05-21 18:56:10.432 TRACE - Set: Artifacts=C:\Users\bingi.ravinder\Downloads\atata-samples-main\atata-samples-main\NUnit.GenericPageTests\AtataPetProject1\bin\Debug\net8.0\artifacts\20240521T185610\SetUpFixture
2024-05-21 18:56:10.433 TRACE - > Initialize Driver
2024-05-21 18:56:10.440 TRACE - - Created ChromeDriverService { Port=53653, ExecutablePath=C:\Users\bingi.ravinder\Downloads\atata-samples-main\atata-samples-main\NUnit.GenericPageTests\AtataPetProject1\bin\Debug\net8.0\drivers\chrome\124.0.6367.207\chromedriver.exe }
2024-05-21 18:56:11.366 TRACE - - Created ChromeDriver { Alias=chrome, SessionId=e0f9159c63e3e242fa4259d3fcd0ebed }
2024-05-21 18:56:11.373 TRACE - < Initialize Driver (0.936s)
2024-05-21 18:56:11.376 TRACE < Initialize AtataContext (0.976s)
2024-05-21 18:56:11.416  INFO > Go to "Sign In" page by URL https://demo.atata.io/signin
2024-05-21 18:56:11.724  INFO < Go to "Sign In" page by URL https://demo.atata.io/signin (0.307s)
2024-05-21 18:56:11.736  INFO > Set "admin@mail.com" to "Email" text input
2024-05-21 18:56:11.740 TRACE - > Execute behavior SetsValueUsingClearAndTypeBehaviorsAttribute against "Email" text input
2024-05-21 18:56:11.745 TRACE - - > Execute behavior ClearsValueUsingClearMethodAttribute against "Email" text input
2024-05-21 18:56:11.763 TRACE - - - > Find element by XPath "(.//*[@id = //label[normalize-space(.) = 'Email']/@for]/descendant-or-self::input[@type='text' or not(@type)] | .//label[normalize-space(.) = 'Email']/descendant-or-self::input[@type='text' or not(@type)])" in ChromeDriver
2024-05-21 18:56:12.280 TRACE - - - < Find element by XPath "(.//*[@id = //label[normalize-space(.) = 'Email']/@for]/descendant-or-self::input[@type='text' or not(@type)] | .//label[normalize-space(.) = 'Email']/descendant-or-self::input[@type='text' or not(@type)])" in ChromeDriver (0.516s) >> Element { Id=f.1027E8DA977213CF168FA1C7F4CCEC67.d.55E6381633C84845758DB2A68BEC4F40.e.6 }
2024-05-21 18:56:12.282 TRACE - - - > Clear element { Id=f.1027E8DA977213CF168FA1C7F4CCEC67.d.55E6381633C84845758DB2A68BEC4F40.e.6 }
2024-05-21 18:56:12.316 TRACE - - - < Clear element { Id=f.1027E8DA977213CF168FA1C7F4CCEC67.d.55E6381633C84845758DB2A68BEC4F40.e.6 } (0.034s)
2024-05-21 18:56:12.317 TRACE - - < Execute behavior ClearsValueUsingClearMethodAttribute against "Email" text input (0.571s)
2024-05-21 18:56:12.317 TRACE - - > Execute behavior TypesTextUsingSendKeysAttribute against "Email" text input
2024-05-21 18:56:12.319 TRACE - - - > Send keys "admin@mail.com" to element { Id=f.1027E8DA977213CF168FA1C7F4CCEC67.d.55E6381633C84845758DB2A68BEC4F40.e.6 }
2024-05-21 18:56:12.410 TRACE - - - < Send keys "admin@mail.com" to element { Id=f.1027E8DA977213CF168FA1C7F4CCEC67.d.55E6381633C84845758DB2A68BEC4F40.e.6 } (0.090s)
2024-05-21 18:56:12.410 TRACE - - < Execute behavior TypesTextUsingSendKeysAttribute against "Email" text input (0.092s)
2024-05-21 18:56:12.411 TRACE - < Execute behavior SetsValueUsingClearAndTypeBehaviorsAttribute against "Email" text input (0.670s)
2024-05-21 18:56:12.411  INFO < Set "admin@mail.com" to "Email" text input (0.675s)
2024-05-21 18:56:12.411  INFO > Set "abc123" to "Password" password input
2024-05-21 18:56:12.412 TRACE - > Execute behavior SetsValueUsingClearAndTypeBehaviorsAttribute against "Password" password input
2024-05-21 18:56:12.412 TRACE - - > Execute behavior ClearsValueUsingClearMethodAttribute against "Password" password input
2024-05-21 18:56:12.414 TRACE - - - > Find element by XPath "(.//*[@id = //label[normalize-space(.) = 'Password']/@for]/descendant-or-self::input[@type='password'] | .//label[normalize-space(.) = 'Password']/descendant-or-self::input[@type='password'])" in ChromeDriver
2024-05-21 18:56:12.424 TRACE - - - < Find element by XPath "(.//*[@id = //label[normalize-space(.) = 'Password']/@for]/descendant-or-self::input[@type='password'] | .//label[normalize-space(.) = 'Password']/descendant-or-self::input[@type='password'])" in ChromeDriver (0.010s) >> Element { Id=f.1027E8DA977213CF168FA1C7F4CCEC67.d.55E6381633C84845758DB2A68BEC4F40.e.3 }
2024-05-21 18:56:12.425 TRACE - - - > Clear element { Id=f.1027E8DA977213CF168FA1C7F4CCEC67.d.55E6381633C84845758DB2A68BEC4F40.e.3 }
2024-05-21 18:56:12.448 TRACE - - - < Clear element { Id=f.1027E8DA977213CF168FA1C7F4CCEC67.d.55E6381633C84845758DB2A68BEC4F40.e.3 } (0.023s)
2024-05-21 18:56:12.449 TRACE - - < Execute behavior ClearsValueUsingClearMethodAttribute against "Password" password input (0.036s)
2024-05-21 18:56:12.450 TRACE - - > Execute behavior TypesTextUsingSendKeysAttribute against "Password" password input
2024-05-21 18:56:12.450 TRACE - - - > Send keys "abc123" to element { Id=f.1027E8DA977213CF168FA1C7F4CCEC67.d.55E6381633C84845758DB2A68BEC4F40.e.3 }
2024-05-21 18:56:12.494 TRACE - - - < Send keys "abc123" to element { Id=f.1027E8DA977213CF168FA1C7F4CCEC67.d.55E6381633C84845758DB2A68BEC4F40.e.3 } (0.043s)
2024-05-21 18:56:12.494 TRACE - - < Execute behavior TypesTextUsingSendKeysAttribute against "Password" password input (0.044s)
2024-05-21 18:56:12.494 TRACE - < Execute behavior SetsValueUsingClearAndTypeBehaviorsAttribute against "Password" password input (0.082s)
2024-05-21 18:56:12.495  INFO < Set "abc123" to "Password" password input (0.083s)
2024-05-21 18:56:12.495  INFO > Click "Sign In" button
2024-05-21 18:56:12.496 TRACE - > Execute behavior ClicksUsingClickMethodAttribute against "Sign In" button
2024-05-21 18:56:12.497 TRACE - - > Find element by XPath ".//*[self::input[@type='button' or @type='submit' or @type='reset'] or self::button][normalize-space(.) = 'Sign In' or normalize-space(@value) = 'Sign In']" in ChromeDriver
2024-05-21 18:56:12.506 TRACE - - < Find element by XPath ".//*[self::input[@type='button' or @type='submit' or @type='reset'] or self::button][normalize-space(.) = 'Sign In' or normalize-space(@value) = 'Sign In']" in ChromeDriver (0.009s) >> Element { Id=f.1027E8DA977213CF168FA1C7F4CCEC67.d.55E6381633C84845758DB2A68BEC4F40.e.10 }
2024-05-21 18:56:12.507 TRACE - - > Click element { Id=f.1027E8DA977213CF168FA1C7F4CCEC67.d.55E6381633C84845758DB2A68BEC4F40.e.10 }
2024-05-21 18:56:12.548 TRACE - - < Click element { Id=f.1027E8DA977213CF168FA1C7F4CCEC67.d.55E6381633C84845758DB2A68BEC4F40.e.10 } (0.040s)
2024-05-21 18:56:12.549 TRACE - < Execute behavior ClicksUsingClickMethodAttribute against "Sign In" button (0.053s)
2024-05-21 18:56:12.549  INFO < Click "Sign In" button (0.054s)
2024-05-21 18:56:12.557  INFO > Go to "Products" page
2024-05-21 18:56:12.572  INFO < Go to "Products" page (0.014s)
2024-05-21 18:56:12.577 TRACE > Execute trigger WaitForLoadingIndicatorAttribute { WaitBy=Class, Selector="loading-indicator", ScopeSource=Parent, Until=VisibleThenMissingOrHidden, ThrowOnPresenceFailure=false, ThrowOnAbsenceFailure=true, PresenceTimeout=2, AbsenceTimeout=10, RetryInterval=0.5 } on Init against "Products" page
2024-05-21 18:56:12.579  INFO - > Wait until element by "loading-indicator" class is visible within 2s without throw on failure with 0.5s retry interval
2024-05-21 18:56:14.597  INFO - < Wait until element by "loading-indicator" class is visible within 2s without throw on failure with 0.5s retry interval (2.018s)
2024-05-21 18:56:14.598  INFO - > Wait until element by "loading-indicator" class is missing or hidden within 10s with throw on failure with 0.5s retry interval
2024-05-21 18:56:14.605  INFO - < Wait until element by "loading-indicator" class is missing or hidden within 10s with throw on failure with 0.5s retry interval (0.007s)
2024-05-21 18:56:14.606 TRACE < Execute trigger WaitForLoadingIndicatorAttribute { WaitBy=Class, Selector="loading-indicator", ScopeSource=Parent, Until=VisibleThenMissingOrHidden, ThrowOnPresenceFailure=false, ThrowOnAbsenceFailure=true, PresenceTimeout=2, AbsenceTimeout=10, RetryInterval=0.5 } on Init against "Products" page (2.029s)
2024-05-21 18:56:14.607 TRACE > Execute trigger VerifyTitleAttribute { Values=["Atata Sample App"], Case=Title, Match=Equals, Timeout=5, RetryInterval=0.5 } on Init against "Products" page
2024-05-21 18:56:14.612  INFO - > Assert: title should equal "Atata Sample App"
2024-05-21 18:56:19.632 ERROR - - Wrong title
Expected: "Atata Sample App"
  Actual: "Users - Atata Sample App"
   at Atata.AssertionVerificationStrategy.ReportFailure(String message, Exception exception)
   at Atata.IObjectVerificationProviderExtensions.<>c__DisplayClass5_0`2.<Satisfy>g__ExecuteVerification|0()
   at Atata.LogManager.ExecuteSection(LogSection section, Action action)
   at Atata.VerificationUtils.Verify[TData,TOwner](IObjectVerificationProvider`2 verifier, Action verificationAction, String expectedMessage, TData[] arguments)
   at Atata.IObjectVerificationProviderExtensions.Satisfy[TObject,TOwner](IObjectVerificationProvider`2 verifier, Func`2 predicate, String message, TObject[] args)
   at Atata.IObjectVerificationProviderExtensions.MatchAny[TOwner](IObjectVerificationProvider`2 verifier, TermMatch match, String[] expected)
   at Atata.VerifyTitleAttribute.OnExecute[TOwner](TriggerContext`1 context, String[] values)
   at Atata.TermVerificationTriggerAttribute.Execute[TOwner](TriggerContext`1 context)
   at Atata.UIComponent`1.<>c__DisplayClass74_3.<ExecuteTriggers>b__3()
   at Atata.LogManager.ExecuteSection(LogSection section, Action action)
   at Atata.UIComponent`1.ExecuteTriggers(TriggerEvents on)
   at Atata.PageObject`1.CompleteInit()
   at Atata.AtataNavigator.GoToFollowingPageObject[T](UIComponent currentPageObject, T nextPageObject, GoOptions options)
   at Atata.AtataNavigator.To[T](T pageObject, GoOptions options)
   at Atata.AtataNavigator.To[T](T pageObject, String url, Boolean navigate, Boolean temporarily)
   at Atata.Go.To[T](T pageObject, String url, Boolean navigate, Boolean temporarily)
   at Atata.Control`1.OnGo[TNavigateTo](TNavigateTo navigateToPageObject, Nullable`1 temporarily)
   at Atata.Control`1.ClickAndGo[TNavigateTo](TNavigateTo navigateToPageObject, Nullable`1 temporarily)
   at AtataPetProject1.SetUpFixture.Login() in C:\Users\bingi.ravinder\Downloads\atata-samples-main\atata-samples-main\NUnit.GenericPageTests\AtataPetProject1\SetUpFixture.cs:line 10
   at AtataPetProject1.SetUpFixture.GlobalSetUp() in C:\Users\bingi.ravinder\Downloads\atata-samples-main\atata-samples-main\NUnit.GenericPageTests\AtataPetProject1\SetUpFixture.cs:line 29
2024-05-21 18:56:19.637  INFO - < Assert: title should equal "Atata Sample App" (5.025s) >> NUnit.Framework.AssertionException: Wrong title...
2024-05-21 18:56:19.637 TRACE < Execute trigger VerifyTitleAttribute { Values=["Atata Sample App"], Case=Title, Match=Equals, Timeout=5, RetryInterval=0.5 } on Init against "Products" page (5.029s) >> NUnit.Framework.AssertionException: Wrong title...
