2024-05-22 00:05:49.229 DEBUG Starting test suite: AtataPetProject1.SetUpFixture
2024-05-22 00:05:49.323 TRACE > Initialize AtataContext
2024-05-22 00:05:49.341 TRACE - Use: "Atata.json" config
2024-05-22 00:05:49.342 TRACE - Use: "Atata.local.json" config
2024-05-22 00:05:49.343 TRACE - Set: BaseUrl=https://demo.atata.io
2024-05-22 00:05:49.346 TRACE - Set: ElementFindTimeout=5s; ElementFindRetryInterval=0.5s
2024-05-22 00:05:49.346 TRACE - Set: WaitingTimeout=5s; WaitingRetryInterval=0.5s
2024-05-22 00:05:49.346 TRACE - Set: VerificationTimeout=5s; VerificationRetryInterval=0.5s
2024-05-22 00:05:49.347 TRACE - Set: Culture=en-US
2024-05-22 00:05:49.347 TRACE - Set: Artifacts=C:\Users\bingi.ravinder\Downloads\atata-samples-main\atata-samples-main\NUnit.GenericPageTests\AtataPetProject1\bin\Debug\net8.0\artifacts\20240522T000549\SetUpFixture
2024-05-22 00:05:49.348 TRACE - > Initialize Driver
2024-05-22 00:05:49.353 TRACE - - Created ChromeDriverService { Port=64401, ExecutablePath=C:\Users\bingi.ravinder\Downloads\atata-samples-main\atata-samples-main\NUnit.GenericPageTests\AtataPetProject1\bin\Debug\net8.0\drivers\chrome\124.0.6367.207\chromedriver.exe }
2024-05-22 00:05:50.389 TRACE - - Created ChromeDriver { Alias=chrome, SessionId=98a7730784cf3fe283dc6cce5672e55a }
2024-05-22 00:05:50.396 TRACE - < Initialize Driver (1.044s)
2024-05-22 00:05:50.398 TRACE < Initialize AtataContext (1.074s)
2024-05-22 00:05:50.443  INFO > Go to "Sign In" page by URL https://demo.atata.io/signin
2024-05-22 00:05:50.690  INFO < Go to "Sign In" page by URL https://demo.atata.io/signin (0.246s)
2024-05-22 00:05:50.698  INFO > Set "admin@mail.com" to "Email" text input
2024-05-22 00:05:50.705 TRACE - > Execute behavior SetsValueUsingClearAndTypeBehaviorsAttribute against "Email" text input
2024-05-22 00:05:50.707 TRACE - - > Execute behavior ClearsValueUsingClearMethodAttribute against "Email" text input
2024-05-22 00:05:50.727 TRACE - - - > Find element by XPath "(.//*[@id = //label[normalize-space(.) = 'Email']/@for]/descendant-or-self::input[@type='text' or not(@type)] | .//label[normalize-space(.) = 'Email']/descendant-or-self::input[@type='text' or not(@type)])" in ChromeDriver
2024-05-22 00:05:50.792 TRACE - - - < Find element by XPath "(.//*[@id = //label[normalize-space(.) = 'Email']/@for]/descendant-or-self::input[@type='text' or not(@type)] | .//label[normalize-space(.) = 'Email']/descendant-or-self::input[@type='text' or not(@type)])" in ChromeDriver (0.064s) >> Element { Id=f.CA91992E6A2B8CB9717CDE66C7F95088.d.2F56B1626BA190386C9E18D08EEF55C0.e.4 }
2024-05-22 00:05:50.794 TRACE - - - > Clear element { Id=f.CA91992E6A2B8CB9717CDE66C7F95088.d.2F56B1626BA190386C9E18D08EEF55C0.e.4 }
2024-05-22 00:05:50.827 TRACE - - - < Clear element { Id=f.CA91992E6A2B8CB9717CDE66C7F95088.d.2F56B1626BA190386C9E18D08EEF55C0.e.4 } (0.032s)
2024-05-22 00:05:50.827 TRACE - - < Execute behavior ClearsValueUsingClearMethodAttribute against "Email" text input (0.120s)
2024-05-22 00:05:50.828 TRACE - - > Execute behavior TypesTextUsingSendKeysAttribute against "Email" text input
2024-05-22 00:05:50.829 TRACE - - - > Send keys "admin@mail.com" to element { Id=f.CA91992E6A2B8CB9717CDE66C7F95088.d.2F56B1626BA190386C9E18D08EEF55C0.e.4 }
2024-05-22 00:05:50.906 TRACE - - - < Send keys "admin@mail.com" to element { Id=f.CA91992E6A2B8CB9717CDE66C7F95088.d.2F56B1626BA190386C9E18D08EEF55C0.e.4 } (0.076s)
2024-05-22 00:05:50.907 TRACE - - < Execute behavior TypesTextUsingSendKeysAttribute against "Email" text input (0.078s)
2024-05-22 00:05:50.907 TRACE - < Execute behavior SetsValueUsingClearAndTypeBehaviorsAttribute against "Email" text input (0.202s)
2024-05-22 00:05:50.907  INFO < Set "admin@mail.com" to "Email" text input (0.209s)
2024-05-22 00:05:50.908  INFO > Set "abc123" to "Password" password input
2024-05-22 00:05:50.908 TRACE - > Execute behavior SetsValueUsingClearAndTypeBehaviorsAttribute against "Password" password input
2024-05-22 00:05:50.909 TRACE - - > Execute behavior ClearsValueUsingClearMethodAttribute against "Password" password input
2024-05-22 00:05:50.909 TRACE - - - > Find element by XPath "(.//*[@id = //label[normalize-space(.) = 'Password']/@for]/descendant-or-self::input[@type='password'] | .//label[normalize-space(.) = 'Password']/descendant-or-self::input[@type='password'])" in ChromeDriver
2024-05-22 00:05:50.918 TRACE - - - < Find element by XPath "(.//*[@id = //label[normalize-space(.) = 'Password']/@for]/descendant-or-self::input[@type='password'] | .//label[normalize-space(.) = 'Password']/descendant-or-self::input[@type='password'])" in ChromeDriver (0.008s) >> Element { Id=f.CA91992E6A2B8CB9717CDE66C7F95088.d.2F56B1626BA190386C9E18D08EEF55C0.e.3 }
2024-05-22 00:05:50.921 TRACE - - - > Clear element { Id=f.CA91992E6A2B8CB9717CDE66C7F95088.d.2F56B1626BA190386C9E18D08EEF55C0.e.3 }
2024-05-22 00:05:50.944 TRACE - - - < Clear element { Id=f.CA91992E6A2B8CB9717CDE66C7F95088.d.2F56B1626BA190386C9E18D08EEF55C0.e.3 } (0.022s)
2024-05-22 00:05:50.944 TRACE - - < Execute behavior ClearsValueUsingClearMethodAttribute against "Password" password input (0.035s)
2024-05-22 00:05:50.945 TRACE - - > Execute behavior TypesTextUsingSendKeysAttribute against "Password" password input
2024-05-22 00:05:50.945 TRACE - - - > Send keys "abc123" to element { Id=f.CA91992E6A2B8CB9717CDE66C7F95088.d.2F56B1626BA190386C9E18D08EEF55C0.e.3 }
2024-05-22 00:05:51.014 TRACE - - - < Send keys "abc123" to element { Id=f.CA91992E6A2B8CB9717CDE66C7F95088.d.2F56B1626BA190386C9E18D08EEF55C0.e.3 } (0.069s)
2024-05-22 00:05:51.016 TRACE - - < Execute behavior TypesTextUsingSendKeysAttribute against "Password" password input (0.070s)
2024-05-22 00:05:51.016 TRACE - < Execute behavior SetsValueUsingClearAndTypeBehaviorsAttribute against "Password" password input (0.108s)
2024-05-22 00:05:51.016  INFO < Set "abc123" to "Password" password input (0.108s)
2024-05-22 00:05:51.018  INFO > Click "Sign In" button
2024-05-22 00:05:51.021 TRACE - > Execute behavior ClicksUsingClickMethodAttribute against "Sign In" button
2024-05-22 00:05:51.024 TRACE - - > Find element by XPath ".//*[self::input[@type='button' or @type='submit' or @type='reset'] or self::button][normalize-space(.) = 'Sign In' or normalize-space(@value) = 'Sign In']" in ChromeDriver
2024-05-22 00:05:51.039 TRACE - - < Find element by XPath ".//*[self::input[@type='button' or @type='submit' or @type='reset'] or self::button][normalize-space(.) = 'Sign In' or normalize-space(@value) = 'Sign In']" in ChromeDriver (0.014s) >> Element { Id=f.CA91992E6A2B8CB9717CDE66C7F95088.d.2F56B1626BA190386C9E18D08EEF55C0.e.10 }
2024-05-22 00:05:51.040 TRACE - - > Click element { Id=f.CA91992E6A2B8CB9717CDE66C7F95088.d.2F56B1626BA190386C9E18D08EEF55C0.e.10 }
2024-05-22 00:05:51.087 TRACE - - < Click element { Id=f.CA91992E6A2B8CB9717CDE66C7F95088.d.2F56B1626BA190386C9E18D08EEF55C0.e.10 } (0.047s)
2024-05-22 00:05:51.088 TRACE - < Execute behavior ClicksUsingClickMethodAttribute against "Sign In" button (0.066s)
2024-05-22 00:05:51.088  INFO < Click "Sign In" button (0.070s)
2024-05-22 00:05:51.096  INFO > Go to "Sign In" page
2024-05-22 00:05:51.109  INFO < Go to "Sign In" page (0.013s)
