2024-05-22 00:46:51.823 DEBUG Starting test suite: AtataPetProject1.SetUpFixture
2024-05-22 00:46:51.937 TRACE > Initialize AtataContext
2024-05-22 00:46:51.958 TRACE - Use: "Atata.json" config
2024-05-22 00:46:51.959 TRACE - Use: "Atata.local.json" config
2024-05-22 00:46:51.959 TRACE - Set: BaseUrl=https://demo.atata.io
2024-05-22 00:46:51.961 TRACE - Set: ElementFindTimeout=5s; ElementFindRetryInterval=0.5s
2024-05-22 00:46:51.961 TRACE - Set: WaitingTimeout=5s; WaitingRetryInterval=0.5s
2024-05-22 00:46:51.961 TRACE - Set: VerificationTimeout=5s; VerificationRetryInterval=0.5s
2024-05-22 00:46:51.962 TRACE - Set: Culture=en-US
2024-05-22 00:46:51.962 TRACE - Set: Artifacts=C:\Users\bingi.ravinder\Downloads\atata-samples-main\atata-samples-main\NUnit.GenericPageTests\AtataPetProject1\bin\Debug\net8.0\artifacts\20240522T004651\SetUpFixture
2024-05-22 00:46:51.963 TRACE - > Initialize Driver
2024-05-22 00:46:51.968 TRACE - - Created ChromeDriverService { Port=52418, ExecutablePath=C:\Users\bingi.ravinder\Downloads\atata-samples-main\atata-samples-main\NUnit.GenericPageTests\AtataPetProject1\bin\Debug\net8.0\drivers\chrome\124.0.6367.207\chromedriver.exe }
2024-05-22 00:46:52.984 TRACE - - Created ChromeDriver { Alias=chrome, SessionId=a8fb74380975d033227eb67b3d9204f8 }
2024-05-22 00:46:52.990 TRACE - < Initialize Driver (1.022s)
2024-05-22 00:46:52.993 TRACE < Initialize AtataContext (1.056s)
2024-05-22 00:46:53.041  INFO > Go to "Sign In" page by URL https://demo.atata.io/signin
2024-05-22 00:46:53.299  INFO < Go to "Sign In" page by URL https://demo.atata.io/signin (0.257s)
2024-05-22 00:46:53.309  INFO > Set "admin@mail.com" to "Email" text input
2024-05-22 00:46:53.311 TRACE - > Execute behavior SetsValueUsingClearAndTypeBehaviorsAttribute against "Email" text input
2024-05-22 00:46:53.315 TRACE - - > Execute behavior ClearsValueUsingClearMethodAttribute against "Email" text input
2024-05-22 00:46:53.332 TRACE - - - > Find element by XPath "(.//*[@id = //label[normalize-space(.) = 'Email']/@for]/descendant-or-self::input[@type='text' or not(@type)] | .//label[normalize-space(.) = 'Email']/descendant-or-self::input[@type='text' or not(@type)])" in ChromeDriver
2024-05-22 00:46:53.874 TRACE - - - < Find element by XPath "(.//*[@id = //label[normalize-space(.) = 'Email']/@for]/descendant-or-self::input[@type='text' or not(@type)] | .//label[normalize-space(.) = 'Email']/descendant-or-self::input[@type='text' or not(@type)])" in ChromeDriver (0.540s) >> Element { Id=f.051A811ACF76E86D64558E5DAC44E5B0.d.13B59CF489B0D837A6CEC376850B9A02.e.6 }
2024-05-22 00:46:53.876 TRACE - - - > Clear element { Id=f.051A811ACF76E86D64558E5DAC44E5B0.d.13B59CF489B0D837A6CEC376850B9A02.e.6 }
2024-05-22 00:46:53.924 TRACE - - - < Clear element { Id=f.051A811ACF76E86D64558E5DAC44E5B0.d.13B59CF489B0D837A6CEC376850B9A02.e.6 } (0.047s)
2024-05-22 00:46:53.924 TRACE - - < Execute behavior ClearsValueUsingClearMethodAttribute against "Email" text input (0.609s)
2024-05-22 00:46:53.925 TRACE - - > Execute behavior TypesTextUsingSendKeysAttribute against "Email" text input
2024-05-22 00:46:53.927 TRACE - - - > Send keys "admin@mail.com" to element { Id=f.051A811ACF76E86D64558E5DAC44E5B0.d.13B59CF489B0D837A6CEC376850B9A02.e.6 }
2024-05-22 00:46:54.004 TRACE - - - < Send keys "admin@mail.com" to element { Id=f.051A811ACF76E86D64558E5DAC44E5B0.d.13B59CF489B0D837A6CEC376850B9A02.e.6 } (0.077s)
2024-05-22 00:46:54.005 TRACE - - < Execute behavior TypesTextUsingSendKeysAttribute against "Email" text input (0.079s)
2024-05-22 00:46:54.006 TRACE - < Execute behavior SetsValueUsingClearAndTypeBehaviorsAttribute against "Email" text input (0.694s)
2024-05-22 00:46:54.006  INFO < Set "admin@mail.com" to "Email" text input (0.697s)
2024-05-22 00:46:54.007  INFO > Set "abc123" to "Password" password input
2024-05-22 00:46:54.007 TRACE - > Execute behavior SetsValueUsingClearAndTypeBehaviorsAttribute against "Password" password input
2024-05-22 00:46:54.007 TRACE - - > Execute behavior ClearsValueUsingClearMethodAttribute against "Password" password input
2024-05-22 00:46:54.009 TRACE - - - > Find element by XPath "(.//*[@id = //label[normalize-space(.) = 'Password']/@for]/descendant-or-self::input[@type='password'] | .//label[normalize-space(.) = 'Password']/descendant-or-self::input[@type='password'])" in ChromeDriver
2024-05-22 00:46:54.021 TRACE - - - < Find element by XPath "(.//*[@id = //label[normalize-space(.) = 'Password']/@for]/descendant-or-self::input[@type='password'] | .//label[normalize-space(.) = 'Password']/descendant-or-self::input[@type='password'])" in ChromeDriver (0.012s) >> Element { Id=f.051A811ACF76E86D64558E5DAC44E5B0.d.13B59CF489B0D837A6CEC376850B9A02.e.3 }
2024-05-22 00:46:54.022 TRACE - - - > Clear element { Id=f.051A811ACF76E86D64558E5DAC44E5B0.d.13B59CF489B0D837A6CEC376850B9A02.e.3 }
2024-05-22 00:46:54.043 TRACE - - - < Clear element { Id=f.051A811ACF76E86D64558E5DAC44E5B0.d.13B59CF489B0D837A6CEC376850B9A02.e.3 } (0.020s)
2024-05-22 00:46:54.043 TRACE - - < Execute behavior ClearsValueUsingClearMethodAttribute against "Password" password input (0.035s)
2024-05-22 00:46:54.044 TRACE - - > Execute behavior TypesTextUsingSendKeysAttribute against "Password" password input
2024-05-22 00:46:54.044 TRACE - - - > Send keys "abc123" to element { Id=f.051A811ACF76E86D64558E5DAC44E5B0.d.13B59CF489B0D837A6CEC376850B9A02.e.3 }
2024-05-22 00:46:54.089 TRACE - - - < Send keys "abc123" to element { Id=f.051A811ACF76E86D64558E5DAC44E5B0.d.13B59CF489B0D837A6CEC376850B9A02.e.3 } (0.045s)
2024-05-22 00:46:54.090 TRACE - - < Execute behavior TypesTextUsingSendKeysAttribute against "Password" password input (0.046s)
2024-05-22 00:46:54.091 TRACE - < Execute behavior SetsValueUsingClearAndTypeBehaviorsAttribute against "Password" password input (0.083s)
2024-05-22 00:46:54.091  INFO < Set "abc123" to "Password" password input (0.084s)
2024-05-22 00:46:54.092  INFO > Click "Sign In" button
2024-05-22 00:46:54.093 TRACE - > Execute behavior ClicksUsingClickMethodAttribute against "Sign In" button
2024-05-22 00:46:54.094 TRACE - - > Find element by XPath ".//*[self::input[@type='button' or @type='submit' or @type='reset'] or self::button][normalize-space(.) = 'Sign In' or normalize-space(@value) = 'Sign In']" in ChromeDriver
2024-05-22 00:46:54.104 TRACE - - < Find element by XPath ".//*[self::input[@type='button' or @type='submit' or @type='reset'] or self::button][normalize-space(.) = 'Sign In' or normalize-space(@value) = 'Sign In']" in ChromeDriver (0.009s) >> Element { Id=f.051A811ACF76E86D64558E5DAC44E5B0.d.13B59CF489B0D837A6CEC376850B9A02.e.10 }
2024-05-22 00:46:54.104 TRACE - - > Click element { Id=f.051A811ACF76E86D64558E5DAC44E5B0.d.13B59CF489B0D837A6CEC376850B9A02.e.10 }
2024-05-22 00:46:54.149 TRACE - - < Click element { Id=f.051A811ACF76E86D64558E5DAC44E5B0.d.13B59CF489B0D837A6CEC376850B9A02.e.10 } (0.044s)
2024-05-22 00:46:54.149 TRACE - < Execute behavior ClicksUsingClickMethodAttribute against "Sign In" button (0.056s)
2024-05-22 00:46:54.150  INFO < Click "Sign In" button (0.058s)
2024-05-22 00:46:54.163  INFO > Go to "Sign In" page
2024-05-22 00:46:54.168  INFO < Go to "Sign In" page (0.004s)
