2024-05-22 00:51:33.501 DEBUG Starting test suite: AtataPetProject1.SetUpFixture
2024-05-22 00:51:33.642 TRACE > Initialize AtataContext
2024-05-22 00:51:33.666 TRACE - Use: "Atata.json" config
2024-05-22 00:51:33.668 TRACE - Use: "Atata.local.json" config
2024-05-22 00:51:33.668 TRACE - Set: BaseUrl=https://demo.atata.io
2024-05-22 00:51:33.670 TRACE - Set: ElementFindTimeout=5s; ElementFindRetryInterval=0.5s
2024-05-22 00:51:33.670 TRACE - Set: WaitingTimeout=5s; WaitingRetryInterval=0.5s
2024-05-22 00:51:33.671 TRACE - Set: VerificationTimeout=5s; VerificationRetryInterval=0.5s
2024-05-22 00:51:33.671 TRACE - Set: Culture=en-US
2024-05-22 00:51:33.671 TRACE - Set: Artifacts=C:\atatapet\NUnit.GenericPageTests\AtataPetProject1\bin\Debug\net8.0\artifacts\20240522T005133\SetUpFixture
2024-05-22 00:51:33.672 TRACE - > Initialize Driver
2024-05-22 00:51:33.678 TRACE - - Created ChromeDriverService { Port=52891, ExecutablePath=C:\atatapet\NUnit.GenericPageTests\AtataPetProject1\bin\Debug\net8.0\drivers\chrome\124.0.6367.207\chromedriver.exe }
2024-05-22 00:51:35.013 TRACE - - Created ChromeDriver { Alias=chrome, SessionId=8395385e169bb87de2a8f8ccfff75c0f }
2024-05-22 00:51:35.022 TRACE - < Initialize Driver (1.344s)
2024-05-22 00:51:35.025 TRACE < Initialize AtataContext (1.383s)
2024-05-22 00:51:35.070  INFO > Go to "Sign In" page by URL https://demo.atata.io/signin
2024-05-22 00:51:35.296  INFO < Go to "Sign In" page by URL https://demo.atata.io/signin (0.226s)
2024-05-22 00:51:35.314  INFO > Set "admin@mail.com" to "Email" text input
2024-05-22 00:51:35.322 TRACE - > Execute behavior SetsValueUsingClearAndTypeBehaviorsAttribute against "Email" text input
2024-05-22 00:51:35.326 TRACE - - > Execute behavior ClearsValueUsingClearMethodAttribute against "Email" text input
2024-05-22 00:51:35.356 TRACE - - - > Find element by XPath "(.//*[@id = //label[normalize-space(.) = 'Email']/@for]/descendant-or-self::input[@type='text' or not(@type)] | .//label[normalize-space(.) = 'Email']/descendant-or-self::input[@type='text' or not(@type)])" in ChromeDriver
2024-05-22 00:51:35.438 TRACE - - - < Find element by XPath "(.//*[@id = //label[normalize-space(.) = 'Email']/@for]/descendant-or-self::input[@type='text' or not(@type)] | .//label[normalize-space(.) = 'Email']/descendant-or-self::input[@type='text' or not(@type)])" in ChromeDriver (0.081s) >> Element { Id=f.DDA4972B26BD800D22B1A3AC1FE17BFF.d.44F6CCEDEEBC97B0D4FBE4D986C46639.e.6 }
2024-05-22 00:51:35.441 TRACE - - - > Clear element { Id=f.DDA4972B26BD800D22B1A3AC1FE17BFF.d.44F6CCEDEEBC97B0D4FBE4D986C46639.e.6 }
2024-05-22 00:51:35.491 TRACE - - - < Clear element { Id=f.DDA4972B26BD800D22B1A3AC1FE17BFF.d.44F6CCEDEEBC97B0D4FBE4D986C46639.e.6 } (0.050s)
2024-05-22 00:51:35.492 TRACE - - < Execute behavior ClearsValueUsingClearMethodAttribute against "Email" text input (0.165s)
2024-05-22 00:51:35.493 TRACE - - > Execute behavior TypesTextUsingSendKeysAttribute against "Email" text input
2024-05-22 00:51:35.494 TRACE - - - > Send keys "admin@mail.com" to element { Id=f.DDA4972B26BD800D22B1A3AC1FE17BFF.d.44F6CCEDEEBC97B0D4FBE4D986C46639.e.6 }
2024-05-22 00:51:35.605 TRACE - - - < Send keys "admin@mail.com" to element { Id=f.DDA4972B26BD800D22B1A3AC1FE17BFF.d.44F6CCEDEEBC97B0D4FBE4D986C46639.e.6 } (0.110s)
2024-05-22 00:51:35.605 TRACE - - < Execute behavior TypesTextUsingSendKeysAttribute against "Email" text input (0.112s)
2024-05-22 00:51:35.606 TRACE - < Execute behavior SetsValueUsingClearAndTypeBehaviorsAttribute against "Email" text input (0.284s)
2024-05-22 00:51:35.606  INFO < Set "admin@mail.com" to "Email" text input (0.292s)
2024-05-22 00:51:35.607  INFO > Set "abc123" to "Password" password input
2024-05-22 00:51:35.607 TRACE - > Execute behavior SetsValueUsingClearAndTypeBehaviorsAttribute against "Password" password input
2024-05-22 00:51:35.608 TRACE - - > Execute behavior ClearsValueUsingClearMethodAttribute against "Password" password input
2024-05-22 00:51:35.609 TRACE - - - > Find element by XPath "(.//*[@id = //label[normalize-space(.) = 'Password']/@for]/descendant-or-self::input[@type='password'] | .//label[normalize-space(.) = 'Password']/descendant-or-self::input[@type='password'])" in ChromeDriver
2024-05-22 00:51:35.621 TRACE - - - < Find element by XPath "(.//*[@id = //label[normalize-space(.) = 'Password']/@for]/descendant-or-self::input[@type='password'] | .//label[normalize-space(.) = 'Password']/descendant-or-self::input[@type='password'])" in ChromeDriver (0.011s) >> Element { Id=f.DDA4972B26BD800D22B1A3AC1FE17BFF.d.44F6CCEDEEBC97B0D4FBE4D986C46639.e.3 }
2024-05-22 00:51:35.621 TRACE - - - > Clear element { Id=f.DDA4972B26BD800D22B1A3AC1FE17BFF.d.44F6CCEDEEBC97B0D4FBE4D986C46639.e.3 }
2024-05-22 00:51:35.651 TRACE - - - < Clear element { Id=f.DDA4972B26BD800D22B1A3AC1FE17BFF.d.44F6CCEDEEBC97B0D4FBE4D986C46639.e.3 } (0.029s)
2024-05-22 00:51:35.652 TRACE - - < Execute behavior ClearsValueUsingClearMethodAttribute against "Password" password input (0.044s)
2024-05-22 00:51:35.652 TRACE - - > Execute behavior TypesTextUsingSendKeysAttribute against "Password" password input
2024-05-22 00:51:35.653 TRACE - - - > Send keys "abc123" to element { Id=f.DDA4972B26BD800D22B1A3AC1FE17BFF.d.44F6CCEDEEBC97B0D4FBE4D986C46639.e.3 }
2024-05-22 00:51:35.721 TRACE - - - < Send keys "abc123" to element { Id=f.DDA4972B26BD800D22B1A3AC1FE17BFF.d.44F6CCEDEEBC97B0D4FBE4D986C46639.e.3 } (0.068s)
2024-05-22 00:51:35.722 TRACE - - < Execute behavior TypesTextUsingSendKeysAttribute against "Password" password input (0.069s)
2024-05-22 00:51:35.722 TRACE - < Execute behavior SetsValueUsingClearAndTypeBehaviorsAttribute against "Password" password input (0.115s)
2024-05-22 00:51:35.723  INFO < Set "abc123" to "Password" password input (0.116s)
2024-05-22 00:51:35.724  INFO > Click "Sign In" button
2024-05-22 00:51:35.724 TRACE - > Execute behavior ClicksUsingClickMethodAttribute against "Sign In" button
2024-05-22 00:51:35.727 TRACE - - > Find element by XPath ".//*[self::input[@type='button' or @type='submit' or @type='reset'] or self::button][normalize-space(.) = 'Sign In' or normalize-space(@value) = 'Sign In']" in ChromeDriver
2024-05-22 00:51:35.740 TRACE - - < Find element by XPath ".//*[self::input[@type='button' or @type='submit' or @type='reset'] or self::button][normalize-space(.) = 'Sign In' or normalize-space(@value) = 'Sign In']" in ChromeDriver (0.013s) >> Element { Id=f.DDA4972B26BD800D22B1A3AC1FE17BFF.d.44F6CCEDEEBC97B0D4FBE4D986C46639.e.10 }
2024-05-22 00:51:35.741 TRACE - - > Click element { Id=f.DDA4972B26BD800D22B1A3AC1FE17BFF.d.44F6CCEDEEBC97B0D4FBE4D986C46639.e.10 }
2024-05-22 00:51:35.811 TRACE - - < Click element { Id=f.DDA4972B26BD800D22B1A3AC1FE17BFF.d.44F6CCEDEEBC97B0D4FBE4D986C46639.e.10 } (0.069s)
2024-05-22 00:51:35.812 TRACE - < Execute behavior ClicksUsingClickMethodAttribute against "Sign In" button (0.087s)
2024-05-22 00:51:35.812  INFO < Click "Sign In" button (0.088s)
2024-05-22 00:51:35.822  INFO > Go to "Sign In" page
2024-05-22 00:51:35.841  INFO < Go to "Sign In" page (0.019s)
